<?xml version="1.0" encoding="UTF-8"?>
<!-- Generated by org.testng.reporters.JUnitXMLReporter -->
<testsuite ignored="0" hostname="DESKTOP-T1PL2IG" failures="0" tests="2" name="Default test" time="46.029" errors="0" timestamp="2025-07-12T21:29:28 IST">
  <testcase classname="modulepackage.Pom_project.TC_005_search_product" name="Search_Product_And_vaildate_Search_product" time="2.476"/>
  <testcase classname="modulepackage.Pom_project.TC_005_search_product" name="Vaildate_The_Count_Of_Search_Product" time="7.069"/>
</testsuite> <!-- Default test -->
