<?xml version="1.0" encoding="UTF-8"?>
<!-- Generated by org.testng.reporters.JUnitXMLReporter -->
<testsuite ignored="0" hostname="DESKTOP-T1PL2IG" failures="0" tests="3" name="Test" time="44.473" errors="0" timestamp="2025-07-12T21:30:39 IST">
  <testcase classname="modulepackage.Pom_project.TC_005_search_product" name="Search_Product_And_vaildate_Search_product" time="1.502">
    <skipped/>
  </testcase> <!-- Search_Product_And_vaildate_Search_product -->
  <testcase classname="modulepackage.Pom_project.TC_005_search_product" name="Search_Product_And_vaildate_Search_product" time="0.877"/>
  <testcase classname="modulepackage.Pom_project.TC_005_search_product" name="Vaildate_The_Count_Of_Search_Product" time="11.169"/>
</testsuite> <!-- Test -->
