<?xml version="1.0" encoding="UTF-8"?>
<!-- Generated by org.testng.reporters.JUnitXMLReporter -->
<testsuite ignored="0" hostname="DESKTOP-T1PL2IG" failures="0" tests="2" name="Test" time="37.208" errors="0" timestamp="2025-07-12T21:32:38 IST">
  <testcase classname="modulepackage.Pom_project.TC_003_login_fail_incorect_password" name="hover_element" time="9.266"/>
  <testcase classname="modulepackage.Pom_project.TC_003_login_fail_incorect_password" name="enter_invaild_cred_and_validate_username" time="6.168"/>
</testsuite> <!-- Test -->
