<?xml version="1.0" encoding="UTF-8"?>
<testng-results ignored="0" total="2" passed="2" failed="0" skipped="0">
  <reporter-output>
    <line>
      <![CDATA[Hover on the element and click on sign in button]]>
    </line>
    <line>
      <![CDATA[Enter vaild cred]]>
    </line>
    <line>
      <![CDATA[verfiy error box is displayed]]>
    </line>
  </reporter-output>
  <suite started-at="2025-07-12T21:32:01 IST" name="Suite" finished-at="2025-07-12T21:32:38 IST" duration-ms="37208">
    <groups>
    </groups>
    <test started-at="2025-07-12T21:32:01 IST" name="Test" finished-at="2025-07-12T21:32:38 IST" duration-ms="37208">
      <class name="modulepackage.Pom_project.TC_003_login_fail_incorect_password">
        <test-method is-config="true" signature="launch_browser()[pri:0, instance:modulepackage.Pom_project.TC_003_login_fail_incorect_password@6b81ce95]" started-at="2025-07-12T21:32:01 IST" name="launch_browser" finished-at="2025-07-12T21:32:16 IST" duration-ms="15169" status="PASS">
          <reporter-output>
          </reporter-output>
        </test-method> <!-- launch_browser -->
        <test-method signature="hover_element()[pri:0, instance:modulepackage.Pom_project.TC_003_login_fail_incorect_password@6b81ce95]" started-at="2025-07-12T21:32:16 IST" name="hover_element" finished-at="2025-07-12T21:32:25 IST" duration-ms="9266" status="PASS">
          <reporter-output>
            <line>
              <![CDATA[Hover on the element and click on sign in button]]>
            </line>
          </reporter-output>
        </test-method> <!-- hover_element -->
        <test-method signature="enter_invaild_cred_and_validate_username(java.lang.String,java.lang.String)[pri:1, instance:modulepackage.Pom_project.TC_003_login_fail_incorect_password@6b81ce95]" started-at="2025-07-12T21:32:28 IST" name="enter_invaild_cred_and_validate_username" data-provider="get_invaild_data" finished-at="2025-07-12T21:32:34 IST" duration-ms="6168" status="PASS">
          <params>
            <param index="0">
              <value>
                <![CDATA[9131899877]]>
              </value>
            </param>
            <param index="1">
              <value>
                <![CDATA[9131899856]]>
              </value>
            </param>
          </params>
          <reporter-output>
            <line>
              <![CDATA[Enter vaild cred]]>
            </line>
            <line>
              <![CDATA[verfiy error box is displayed]]>
            </line>
          </reporter-output>
        </test-method> <!-- enter_invaild_cred_and_validate_username -->
        <test-method is-config="true" signature="close_brower()[pri:0, instance:modulepackage.Pom_project.TC_003_login_fail_incorect_password@6b81ce95]" started-at="2025-07-12T21:32:35 IST" name="close_brower" finished-at="2025-07-12T21:32:38 IST" duration-ms="3288" status="PASS">
          <reporter-output>
          </reporter-output>
        </test-method> <!-- close_brower -->
      </class> <!-- modulepackage.Pom_project.TC_003_login_fail_incorect_password -->
    </test> <!-- Test -->
  </suite> <!-- Suite -->
</testng-results>
