<?xml version="1.0" encoding="UTF-8"?>
<testng-results retried="1" ignored="0" total="3" passed="2" failed="0" skipped="0">
  <reporter-output>
    <line>
      <![CDATA[Search the product and validate the search product]]>
    </line>
    <line>
      <![CDATA[validate the search result count should be greater than 3]]>
    </line>
  </reporter-output>
  <suite started-at="2025-07-12T21:29:54 IST" name="Suite" finished-at="2025-07-12T21:30:39 IST" duration-ms="44473">
    <groups>
    </groups>
    <test started-at="2025-07-12T21:29:54 IST" name="Test" finished-at="2025-07-12T21:30:39 IST" duration-ms="44473">
      <class name="modulepackage.Pom_project.TC_005_search_product">
        <test-method is-config="true" signature="launch_browser()[pri:0, instance:modulepackage.Pom_project.TC_005_search_product@198b6731]" started-at="2025-07-12T21:29:54 IST" name="launch_browser" finished-at="2025-07-12T21:30:11 IST" duration-ms="16612" status="PASS">
          <reporter-output>
          </reporter-output>
        </test-method> <!-- launch_browser -->
        <test-method retried="true" signature="Search_Product_And_vaildate_Search_product(java.lang.String)[pri:0, instance:modulepackage.Pom_project.TC_005_search_product@198b6731]" started-at="2025-07-12T21:30:18 IST" name="Search_Product_And_vaildate_Search_product" data-provider="search_data" finished-at="2025-07-12T21:30:19 IST" duration-ms="1502" status="SKIP">
          <params>
            <param index="0">
              <value>
                <![CDATA[toy]]>
              </value>
            </param>
          </params>
          <exception class="org.openqa.selenium.StaleElementReferenceException">
            <message>
              <![CDATA[The element with the reference 3dfd5dbf-6af7-44a2-ba79-33ec28d2577e is stale; either its node document is not the active document, or it is no longer connected to the DOM
For documentation on this error, please visit: https://www.selenium.dev/documentation/webdriver/troubleshooting/errors#stale-element-reference-exception
Build info: version: '4.32.0', revision: 'd17c8aa950'
System info: os.name: 'Windows 11', os.arch: 'amd64', os.version: '10.0', java.version: '21.0.6'
Driver info: org.openqa.selenium.firefox.FirefoxDriver
Command: [c79412d6-3ac1-4137-ba67-67eefd4c09f8, getElementDomAttribute {name=value, id=3dfd5dbf-6af7-44a2-ba79-33ec28d2577e}]
Capabilities {acceptInsecureCerts: true, browserName: firefox, browserVersion: 140.0.4, moz:accessibilityChecks: false, moz:buildID: 20250707120347, moz:geckodriverVersion: 0.36.0, moz:headless: false, moz:platformVersion: 10.0, moz:processID: 8288, moz:profile: C:\Users\zafar\AppData\Loca..., moz:shutdownTimeout: 60000, moz:webdriverClick: true, moz:windowless: false, pageLoadStrategy: normal, platformName: windows, proxy: Proxy(), setWindowRect: true, strictFileInteractability: false, timeouts: {implicit: 0, pageLoad: 300000, script: 30000}, unhandledPromptBehavior: dismiss and notify, userAgent: Mozilla/5.0 (Windows NT 10....}
Element: [[FirefoxDriver: firefox on windows (c79412d6-3ac1-4137-ba67-67eefd4c09f8)] -> xpath: //input[@id='twotabsearchtextbox']]
Session ID: c79412d6-3ac1-4137-ba67-67eefd4c09f8]]>
            </message>
            <full-stacktrace>
              <![CDATA[org.openqa.selenium.StaleElementReferenceException: The element with the reference 3dfd5dbf-6af7-44a2-ba79-33ec28d2577e is stale; either its node document is not the active document, or it is no longer connected to the DOM
For documentation on this error, please visit: https://www.selenium.dev/documentation/webdriver/troubleshooting/errors#stale-element-reference-exception
Build info: version: '4.32.0', revision: 'd17c8aa950'
System info: os.name: 'Windows 11', os.arch: 'amd64', os.version: '10.0', java.version: '21.0.6'
Driver info: org.openqa.selenium.firefox.FirefoxDriver
Command: [c79412d6-3ac1-4137-ba67-67eefd4c09f8, getElementDomAttribute {name=value, id=3dfd5dbf-6af7-44a2-ba79-33ec28d2577e}]
Capabilities {acceptInsecureCerts: true, browserName: firefox, browserVersion: 140.0.4, moz:accessibilityChecks: false, moz:buildID: 20250707120347, moz:geckodriverVersion: 0.36.0, moz:headless: false, moz:platformVersion: 10.0, moz:processID: 8288, moz:profile: C:\Users\zafar\AppData\Loca..., moz:shutdownTimeout: 60000, moz:webdriverClick: true, moz:windowless: false, pageLoadStrategy: normal, platformName: windows, proxy: Proxy(), setWindowRect: true, strictFileInteractability: false, timeouts: {implicit: 0, pageLoad: 300000, script: 30000}, unhandledPromptBehavior: dismiss and notify, userAgent: Mozilla/5.0 (Windows NT 10....}
Element: [[FirefoxDriver: firefox on windows (c79412d6-3ac1-4137-ba67-67eefd4c09f8)] -> xpath: //input[@id='twotabsearchtextbox']]
Session ID: c79412d6-3ac1-4137-ba67-67eefd4c09f8
at java.base/jdk.internal.reflect.DirectConstructorHandleAccessor.newInstance(DirectConstructorHandleAccessor.java:62)
at java.base/java.lang.reflect.Constructor.newInstanceWithCaller(Constructor.java:502)
at java.base/java.lang.reflect.Constructor.newInstance(Constructor.java:486)
at org.openqa.selenium.remote.ErrorCodec.decode(ErrorCodec.java:167)
at org.openqa.selenium.remote.codec.w3c.W3CHttpResponseCodec.decode(W3CHttpResponseCodec.java:138)
at org.openqa.selenium.remote.codec.w3c.W3CHttpResponseCodec.decode(W3CHttpResponseCodec.java:50)
at org.openqa.selenium.remote.HttpCommandExecutor.execute(HttpCommandExecutor.java:215)
at org.openqa.selenium.remote.service.DriverCommandExecutor.invokeExecute(DriverCommandExecutor.java:216)
at org.openqa.selenium.remote.service.DriverCommandExecutor.execute(DriverCommandExecutor.java:174)
at org.openqa.selenium.remote.RemoteWebDriver.execute(RemoteWebDriver.java:545)
at org.openqa.selenium.remote.RemoteWebElement.execute(RemoteWebElement.java:223)
at org.openqa.selenium.remote.RemoteWebElement.getDomAttribute(RemoteWebElement.java:144)
at java.base/jdk.internal.reflect.DirectMethodHandleAccessor.invoke(DirectMethodHandleAccessor.java:103)
at java.base/java.lang.reflect.Method.invoke(Method.java:580)
at org.openqa.selenium.support.pagefactory.internal.LocatingElementHandler.invoke(LocatingElementHandler.java:51)
at jdk.proxy2/jdk.proxy2.$Proxy15.getDomAttribute(Unknown Source)
at modulepackage.Pom_project.Home_Page.vaildate_product_name(Home_Page.java:212)
at modulepackage.Pom_project.TC_005_search_product.Search_Product_And_vaildate_Search_product(TC_005_search_product.java:27)
at java.base/jdk.internal.reflect.DirectMethodHandleAccessor.invoke(DirectMethodHandleAccessor.java:103)
at java.base/java.lang.reflect.Method.invoke(Method.java:580)
at org.testng.internal.invokers.MethodInvocationHelper.invokeMethod(MethodInvocationHelper.java:141)
at org.testng.internal.invokers.TestInvoker.invokeMethod(TestInvoker.java:687)
at org.testng.internal.invokers.TestInvoker.invokeTestMethod(TestInvoker.java:230)
at org.testng.internal.invokers.MethodRunner.runInSequence(MethodRunner.java:63)
at org.testng.internal.invokers.TestInvoker$MethodInvocationAgent.invoke(TestInvoker.java:995)
at org.testng.internal.invokers.TestInvoker.invokeTestMethods(TestInvoker.java:203)
at org.testng.internal.invokers.TestMethodWorker.invokeTestMethods(TestMethodWorker.java:154)
at org.testng.internal.invokers.TestMethodWorker.run(TestMethodWorker.java:134)
at java.base/java.util.ArrayList.forEach(ArrayList.java:1596)
at org.testng.TestRunner.privateRun(TestRunner.java:741)
at org.testng.TestRunner.run(TestRunner.java:616)
at org.testng.SuiteRunner.runTest(SuiteRunner.java:421)
at org.testng.SuiteRunner.runSequentially(SuiteRunner.java:413)
at org.testng.SuiteRunner.privateRun(SuiteRunner.java:373)
at org.testng.SuiteRunner.run(SuiteRunner.java:312)
at org.testng.SuiteRunnerWorker.runSuite(SuiteRunnerWorker.java:52)
at org.testng.SuiteRunnerWorker.run(SuiteRunnerWorker.java:95)
at org.testng.TestNG.runSuitesSequentially(TestNG.java:1274)
at org.testng.TestNG.runSuitesLocally(TestNG.java:1208)
at org.testng.TestNG.runSuites(TestNG.java:1112)
at org.testng.TestNG.run(TestNG.java:1079)
at org.testng.remote.AbstractRemoteTestNG.run(AbstractRemoteTestNG.java:115)
at org.testng.remote.RemoteTestNG.initAndRun(RemoteTestNG.java:293)
at org.testng.remote.RemoteTestNG.main(RemoteTestNG.java:91)
]]>
            </full-stacktrace>
          </exception> <!-- org.openqa.selenium.StaleElementReferenceException -->
          <reporter-output>
          </reporter-output>
        </test-method> <!-- Search_Product_And_vaildate_Search_product -->
        <test-method signature="Search_Product_And_vaildate_Search_product(java.lang.String)[pri:0, instance:modulepackage.Pom_project.TC_005_search_product@198b6731]" started-at="2025-07-12T21:30:19 IST" name="Search_Product_And_vaildate_Search_product" data-provider="search_data" finished-at="2025-07-12T21:30:20 IST" duration-ms="877" status="PASS">
          <params>
            <param index="0">
              <value>
                <![CDATA[toy]]>
              </value>
            </param>
          </params>
          <reporter-output>
            <line>
              <![CDATA[Search the product and validate the search product]]>
            </line>
          </reporter-output>
        </test-method> <!-- Search_Product_And_vaildate_Search_product -->
        <test-method signature="Vaildate_The_Count_Of_Search_Product()[pri:1, instance:modulepackage.Pom_project.TC_005_search_product@198b6731]" started-at="2025-07-12T21:30:21 IST" name="Vaildate_The_Count_Of_Search_Product" finished-at="2025-07-12T21:30:32 IST" duration-ms="11169" status="PASS">
          <reporter-output>
            <line>
              <![CDATA[validate the search result count should be greater than 3]]>
            </line>
          </reporter-output>
        </test-method> <!-- Vaildate_The_Count_Of_Search_Product -->
        <test-method is-config="true" signature="close_brower()[pri:0, instance:modulepackage.Pom_project.TC_005_search_product@198b6731]" started-at="2025-07-12T21:30:33 IST" name="close_brower" finished-at="2025-07-12T21:30:39 IST" duration-ms="5743" status="PASS">
          <reporter-output>
          </reporter-output>
        </test-method> <!-- close_brower -->
      </class> <!-- modulepackage.Pom_project.TC_005_search_product -->
    </test> <!-- Test -->
  </suite> <!-- Suite -->
</testng-results>
